  CustomException.cpp
  FileIO.cpp
C:\Users\hlao1\github\cis22c-final-project-git\cis22c_f19_project\cis22c_f19_project\FileIO.cpp(32,58): warning C4267: 'argument': conversion from 'size_t' to 'int', possible loss of data
C:\Users\hlao1\github\cis22c-final-project-git\cis22c_f19_project\cis22c_f19_project\List.h(58,1): warning C4267: 'argument': conversion from 'size_t' to 'int', possible loss of data
C:\Users\hlao1\github\cis22c-final-project-git\cis22c_f19_project\cis22c_f19_project\List.h(58): message : while compiling class template member function 'bool List<Movie *>::append(const T &)'
          with
          [
              T=Movie *
          ]
C:\Users\hlao1\github\cis22c-final-project-git\cis22c_f19_project\cis22c_f19_project\FileIO.cpp(39): message : see reference to function template instantiation 'bool List<Movie *>::append(const T &)' being compiled
          with
          [
              T=Movie *
          ]
C:\Users\hlao1\github\cis22c-final-project-git\cis22c_f19_project\cis22c_f19_project\FileIO.cpp(12): message : see reference to class template instantiation 'List<Movie *>' being compiled
C:\Users\hlao1\github\cis22c-final-project-git\cis22c_f19_project\cis22c_f19_project\linked_list.h(181,1): warning C4267: 'argument': conversion from 'size_t' to 'int', possible loss of data
C:\Users\hlao1\github\cis22c-final-project-git\cis22c_f19_project\cis22c_f19_project\linked_list.h(164): message : while compiling class template member function 'bool LinkedList<T>::insert(int,T)'
          with
          [
              T=Movie *
          ]
C:\Users\hlao1\github\cis22c-final-project-git\cis22c_f19_project\cis22c_f19_project\List.h(43): message : see reference to function template instantiation 'bool LinkedList<T>::insert(int,T)' being compiled
          with
          [
              T=Movie *
          ]
C:\Users\hlao1\github\cis22c-final-project-git\cis22c_f19_project\cis22c_f19_project\List.h(19): message : see reference to class template instantiation 'LinkedList<T>' being compiled
          with
          [
              T=Movie *
          ]
C:\Users\hlao1\github\cis22c-final-project-git\cis22c_f19_project\cis22c_f19_project\List.h(19): message : while compiling class template member function 'List<Movie *>::~List(void)'
C:\Users\hlao1\github\cis22c-final-project-git\cis22c_f19_project\cis22c_f19_project\List.h(84,1): warning C4267: 'initializing': conversion from 'size_t' to 'int', possible loss of data
C:\Users\hlao1\github\cis22c-final-project-git\cis22c_f19_project\cis22c_f19_project\FileIO.cpp(45): message : see reference to function template instantiation 'std::ostream &operator <<<Movie*>(std::ostream &,const List<Movie *> &)' being compiled
C:\Users\hlao1\github\cis22c-final-project-git\cis22c_f19_project\cis22c_f19_project\linked_list.h(252,1): warning C4267: 'initializing': conversion from 'size_t' to 'int', possible loss of data
C:\Users\hlao1\github\cis22c-final-project-git\cis22c_f19_project\cis22c_f19_project\linked_list.h(251): message : while compiling class template member function 'void LinkedList<T>::clear(void)'
          with
          [
              T=std::string
          ]
C:\Users\hlao1\github\cis22c-final-project-git\cis22c_f19_project\cis22c_f19_project\linked_list.h(122): message : see reference to function template instantiation 'void LinkedList<T>::clear(void)' being compiled
          with
          [
              T=std::string
          ]
C:\Users\hlao1\github\cis22c-final-project-git\cis22c_f19_project\cis22c_f19_project\List.h(115): message : while compiling class template member function 'T List<T>::operator [](const int &) const'
          with
          [
              T=std::string
          ]
C:\Users\hlao1\github\cis22c-final-project-git\cis22c_f19_project\cis22c_f19_project\FileIO.cpp(34): message : see reference to function template instantiation 'T List<T>::operator [](const int &) const' being compiled
          with
          [
              T=std::string
          ]
C:\Users\hlao1\github\cis22c-final-project-git\cis22c_f19_project\cis22c_f19_project\HashTable.h(379): message : see reference to class template instantiation 'List<std::string>' being compiled
C:\Users\hlao1\github\cis22c-final-project-git\cis22c_f19_project\cis22c_f19_project\linked_list.h(140,1): warning C4267: 'argument': conversion from 'size_t' to 'int', possible loss of data
C:\Users\hlao1\github\cis22c-final-project-git\cis22c_f19_project\cis22c_f19_project\linked_list.h(134): message : while compiling class template member function 'void LinkedList<T>::insert_front(T)'
          with
          [
              T=Movie *
          ]
C:\Users\hlao1\github\cis22c-final-project-git\cis22c_f19_project\cis22c_f19_project\linked_list.h(168): message : see reference to function template instantiation 'void LinkedList<T>::insert_front(T)' being compiled
          with
          [
              T=Movie *
          ]
C:\Users\hlao1\github\cis22c-final-project-git\cis22c_f19_project\cis22c_f19_project\linked_list.h(106): message : while compiling class template member function 'LinkedList<T>::LinkedList(void)'
          with
          [
              T=Movie *
          ]
C:\Users\hlao1\github\cis22c-final-project-git\cis22c_f19_project\cis22c_f19_project\List.h(18): message : see reference to function template instantiation 'LinkedList<T>::LinkedList(void)' being compiled
          with
          [
              T=Movie *
          ]
C:\Users\hlao1\github\cis22c-final-project-git\cis22c_f19_project\cis22c_f19_project\linked_list.h(146,1): warning C4267: 'argument': conversion from 'size_t' to 'int', possible loss of data
C:\Users\hlao1\github\cis22c-final-project-git\cis22c_f19_project\cis22c_f19_project\linked_list.h(159,1): warning C4267: 'argument': conversion from 'size_t' to 'int', possible loss of data
C:\Users\hlao1\github\cis22c-final-project-git\cis22c_f19_project\cis22c_f19_project\linked_list.h(151): message : while compiling class template member function 'void LinkedList<T>::insert_back(T)'
          with
          [
              T=Movie *
          ]
C:\Users\hlao1\github\cis22c-final-project-git\cis22c_f19_project\cis22c_f19_project\linked_list.h(173): message : see reference to function template instantiation 'void LinkedList<T>::insert_back(T)' being compiled
          with
          [
              T=Movie *
          ]
C:\Users\hlao1\github\cis22c-final-project-git\cis22c_f19_project\cis22c_f19_project\linked_list.h(192,1): warning C4267: 'argument': conversion from 'size_t' to 'int', possible loss of data
C:\Users\hlao1\github\cis22c-final-project-git\cis22c_f19_project\cis22c_f19_project\linked_list.h(187): message : while compiling class template member function 'void LinkedList<T>::remove_front(void)'
          with
          [
              T=std::string
          ]
C:\Users\hlao1\github\cis22c-final-project-git\cis22c_f19_project\cis22c_f19_project\linked_list.h(254): message : see reference to function template instantiation 'void LinkedList<T>::remove_front(void)' being compiled
          with
          [
              T=std::string
          ]
C:\Users\hlao1\github\cis22c-final-project-git\cis22c_f19_project\cis22c_f19_project\linked_list.h(286): message : while compiling class template member function 'LinkNode<T> *LinkedList<T>::navigate(int) const'
          with
          [
              T=std::string
          ]
C:\Users\hlao1\github\cis22c-final-project-git\cis22c_f19_project\cis22c_f19_project\linked_list.h(269): message : see reference to function template instantiation 'LinkNode<T> *LinkedList<T>::navigate(int) const' being compiled
          with
          [
              T=std::string
          ]
C:\Users\hlao1\github\cis22c-final-project-git\cis22c_f19_project\cis22c_f19_project\linked_list.h(201,1): warning C4267: 'argument': conversion from 'size_t' to 'int', possible loss of data
  GUI.cpp
C:\Users\hlao1\github\cis22c-final-project-git\cis22c_f19_project\cis22c_f19_project\BNT_pair.h(75,1): warning C4290: C++ exception specification ignored except to indicate a function is not __declspec(nothrow)
C:\Users\hlao1\github\cis22c-final-project-git\cis22c_f19_project\cis22c_f19_project\BNT_pair.h(94): message : see reference to class template instantiation 'BinaryNodeTree<K,V>' being compiled
C:\Users\hlao1\github\cis22c-final-project-git\cis22c_f19_project\cis22c_f19_project\BNT_pair.h(76,1): warning C4290: C++ exception specification ignored except to indicate a function is not __declspec(nothrow)
C:\Users\hlao1\github\cis22c-final-project-git\cis22c_f19_project\cis22c_f19_project\BNT_pair.h(81,1): warning C4290: C++ exception specification ignored except to indicate a function is not __declspec(nothrow)
C:\Users\hlao1\github\cis22c-final-project-git\cis22c_f19_project\cis22c_f19_project\BNT_pair.h(96,1): warning C4290: C++ exception specification ignored except to indicate a function is not __declspec(nothrow)
C:\Users\hlao1\github\cis22c-final-project-git\cis22c_f19_project\cis22c_f19_project\BNT_pair.h(188,1): warning C4290: C++ exception specification ignored except to indicate a function is not __declspec(nothrow)
C:\Users\hlao1\github\cis22c-final-project-git\cis22c_f19_project\cis22c_f19_project\BNT_pair.h(196,1): warning C4290: C++ exception specification ignored except to indicate a function is not __declspec(nothrow)
C:\Users\hlao1\github\cis22c-final-project-git\cis22c_f19_project\cis22c_f19_project\BST_pair.h(60,1): warning C4290: C++ exception specification ignored except to indicate a function is not __declspec(nothrow)
C:\Users\hlao1\github\cis22c-final-project-git\cis22c_f19_project\cis22c_f19_project\BST_pair.h(107): message : see reference to class template instantiation 'BinarySearchTree<K,V>' being compiled
C:\Users\hlao1\github\cis22c-final-project-git\cis22c_f19_project\cis22c_f19_project\BST_pair.h(67,1): warning C4290: C++ exception specification ignored except to indicate a function is not __declspec(nothrow)
C:\Users\hlao1\github\cis22c-final-project-git\cis22c_f19_project\cis22c_f19_project\BST_pair.h(169,1): warning C4290: C++ exception specification ignored except to indicate a function is not __declspec(nothrow)
C:\Users\hlao1\github\cis22c-final-project-git\cis22c_f19_project\cis22c_f19_project\BST_pair.h(263,1): warning C4290: C++ exception specification ignored except to indicate a function is not __declspec(nothrow)
C:\Users\hlao1\github\cis22c-final-project-git\cis22c_f19_project\cis22c_f19_project\GUI.cpp(5,24): warning C4267: 'initializing': conversion from 'size_t' to 'int', possible loss of data
C:\Users\hlao1\github\cis22c-final-project-git\cis22c_f19_project\cis22c_f19_project\GUI.cpp(16,25): warning C4267: 'initializing': conversion from 'size_t' to 'int', possible loss of data
C:\Users\hlao1\github\cis22c-final-project-git\cis22c_f19_project\cis22c_f19_project\GUI.cpp(29,23): warning C4267: 'initializing': conversion from 'size_t' to 'int', possible loss of data
C:\Users\hlao1\github\cis22c-final-project-git\cis22c_f19_project\cis22c_f19_project\GUI.cpp(42,24): warning C4267: 'initializing': conversion from 'size_t' to 'int', possible loss of data
C:\Users\hlao1\github\cis22c-final-project-git\cis22c_f19_project\cis22c_f19_project\GUI.cpp(78,48): warning C4267: 'initializing': conversion from 'size_t' to 'int', possible loss of data
C:\Users\hlao1\github\cis22c-final-project-git\cis22c_f19_project\cis22c_f19_project\GUI.cpp(78,48): warning C4267: 'initializing': conversion from 'size_t' to 'const int', possible loss of data
C:\Users\hlao1\github\cis22c-final-project-git\cis22c_f19_project\cis22c_f19_project\GUI.cpp(809,39): warning C4267: '=': conversion from 'size_t' to 'int', possible loss of data
C:\Users\hlao1\github\cis22c-final-project-git\cis22c_f19_project\cis22c_f19_project\HashTable.h(152,36): warning C4244: 'argument': conversion from 'double' to 'size_t', possible loss of data
C:\Users\hlao1\github\cis22c-final-project-git\cis22c_f19_project\cis22c_f19_project\HashTable.h(143): message : while compiling class template member function 'HashTable<BinarySearchTree<std::string,Movie *> *>::HashTable(size_t)'
C:\Users\hlao1\github\cis22c-final-project-git\cis22c_f19_project\cis22c_f19_project\NotIMDB_Database.h(61): message : see reference to function template instantiation 'HashTable<BinarySearchTree<std::string,Movie *> *>::HashTable(size_t)' being compiled
C:\Users\hlao1\github\cis22c-final-project-git\cis22c_f19_project\cis22c_f19_project\NotIMDB_Database.h(61): message : see reference to class template instantiation 'HashTable<BinarySearchTree<std::string,Movie *> *>' being compiled
C:\Users\hlao1\github\cis22c-final-project-git\cis22c_f19_project\cis22c_f19_project\List.h(58,1): warning C4267: 'argument': conversion from 'size_t' to 'int', possible loss of data
C:\Users\hlao1\github\cis22c-final-project-git\cis22c_f19_project\cis22c_f19_project\List.h(58): message : while compiling class template member function 'bool List<std::string>::append(const T &)'
          with
          [
              T=std::string
          ]
C:\Users\hlao1\github\cis22c-final-project-git\cis22c_f19_project\cis22c_f19_project\HashTable.h(305): message : see reference to function template instantiation 'bool List<std::string>::append(const T &)' being compiled
          with
          [
              T=std::string
          ]
C:\Users\hlao1\github\cis22c-final-project-git\cis22c_f19_project\cis22c_f19_project\HashTable.h(379): message : see reference to class template instantiation 'List<std::string>' being compiled
C:\Users\hlao1\github\cis22c-final-project-git\cis22c_f19_project\cis22c_f19_project\linked_list.h(181,1): warning C4267: 'argument': conversion from 'size_t' to 'int', possible loss of data
C:\Users\hlao1\github\cis22c-final-project-git\cis22c_f19_project\cis22c_f19_project\linked_list.h(164): message : while compiling class template member function 'bool LinkedList<T>::insert(int,T)'
          with
          [
              T=std::string
          ]
C:\Users\hlao1\github\cis22c-final-project-git\cis22c_f19_project\cis22c_f19_project\List.h(43): message : see reference to function template instantiation 'bool LinkedList<T>::insert(int,T)' being compiled
          with
          [
              T=std::string
          ]
C:\Users\hlao1\github\cis22c-final-project-git\cis22c_f19_project\cis22c_f19_project\linked_list.h(121): message : while compiling class template member function 'LinkedList<T>::~LinkedList(void)'
          with
          [
              T=std::string
          ]
C:\Users\hlao1\github\cis22c-final-project-git\cis22c_f19_project\cis22c_f19_project\List.h(19): message : see reference to class template instantiation 'LinkedList<T>' being compiled
          with
          [
              T=std::string
          ]
C:\Users\hlao1\github\cis22c-final-project-git\cis22c_f19_project\cis22c_f19_project\List.h(19): message : while compiling class template member function 'List<std::string>::~List(void)'
C:\Users\hlao1\github\cis22c-final-project-git\cis22c_f19_project\cis22c_f19_project\linked_list.h(252,1): warning C4267: 'initializing': conversion from 'size_t' to 'int', possible loss of data
C:\Users\hlao1\github\cis22c-final-project-git\cis22c_f19_project\cis22c_f19_project\linked_list.h(251): message : while compiling class template member function 'void LinkedList<T>::clear(void)'
          with
          [
              T=std::string
          ]
C:\Users\hlao1\github\cis22c-final-project-git\cis22c_f19_project\cis22c_f19_project\linked_list.h(122): message : see reference to function template instantiation 'void LinkedList<T>::clear(void)' being compiled
          with
          [
              T=std::string
          ]
C:\Users\hlao1\github\cis22c-final-project-git\cis22c_f19_project\cis22c_f19_project\HashTable.h(193,36): warning C4244: 'argument': conversion from 'double' to 'size_t', possible loss of data
C:\Users\hlao1\github\cis22c-final-project-git\cis22c_f19_project\cis22c_f19_project\HashTable.h(177): message : while compiling class template member function 'void HashTable<Movie *>::__resize(void)'
C:\Users\hlao1\github\cis22c-final-project-git\cis22c_f19_project\cis22c_f19_project\HashTable.h(285): message : see reference to function template instantiation 'void HashTable<Movie *>::__resize(void)' being compiled
C:\Users\hlao1\github\cis22c-final-project-git\cis22c_f19_project\cis22c_f19_project\HashTable.h(159): message : while compiling class template member function 'HashTable<Movie *>::~HashTable(void)'
C:\Users\hlao1\github\cis22c-final-project-git\cis22c_f19_project\cis22c_f19_project\NotIMDB_Database.h(75): message : see reference to class template instantiation 'HashTable<Movie *>' being compiled
C:\Users\hlao1\github\cis22c-final-project-git\cis22c_f19_project\cis22c_f19_project\linked_list.h(140,1): warning C4267: 'argument': conversion from 'size_t' to 'int', possible loss of data
C:\Users\hlao1\github\cis22c-final-project-git\cis22c_f19_project\cis22c_f19_project\linked_list.h(134): message : while compiling class template member function 'void LinkedList<T>::insert_front(T)'
          with
          [
              T=std::string
          ]
C:\Users\hlao1\github\cis22c-final-project-git\cis22c_f19_project\cis22c_f19_project\linked_list.h(168): message : see reference to function template instantiation 'void LinkedList<T>::insert_front(T)' being compiled
          with
          [
              T=std::string
          ]
C:\Users\hlao1\github\cis22c-final-project-git\cis22c_f19_project\cis22c_f19_project\linked_list.h(106): message : while compiling class template member function 'LinkedList<T>::LinkedList(void)'
          with
          [
              T=std::string
          ]
C:\Users\hlao1\github\cis22c-final-project-git\cis22c_f19_project\cis22c_f19_project\List.h(18): message : see reference to function template instantiation 'LinkedList<T>::LinkedList(void)' being compiled
          with
          [
              T=std::string
          ]
C:\Users\hlao1\github\cis22c-final-project-git\cis22c_f19_project\cis22c_f19_project\linked_list.h(146,1): warning C4267: 'argument': conversion from 'size_t' to 'int', possible loss of data
C:\Users\hlao1\github\cis22c-final-project-git\cis22c_f19_project\cis22c_f19_project\linked_list.h(159,1): warning C4267: 'argument': conversion from 'size_t' to 'int', possible loss of data
C:\Users\hlao1\github\cis22c-final-project-git\cis22c_f19_project\cis22c_f19_project\linked_list.h(151): message : while compiling class template member function 'void LinkedList<T>::insert_back(T)'
          with
          [
              T=std::string
          ]
C:\Users\hlao1\github\cis22c-final-project-git\cis22c_f19_project\cis22c_f19_project\linked_list.h(173): message : see reference to function template instantiation 'void LinkedList<T>::insert_back(T)' being compiled
          with
          [
              T=std::string
          ]
C:\Users\hlao1\github\cis22c-final-project-git\cis22c_f19_project\cis22c_f19_project\linked_list.h(192,1): warning C4267: 'argument': conversion from 'size_t' to 'int', possible loss of data
C:\Users\hlao1\github\cis22c-final-project-git\cis22c_f19_project\cis22c_f19_project\linked_list.h(187): message : while compiling class template member function 'void LinkedList<T>::remove_front(void)'
          with
          [
              T=std::string
          ]
C:\Users\hlao1\github\cis22c-final-project-git\cis22c_f19_project\cis22c_f19_project\linked_list.h(254): message : see reference to function template instantiation 'void LinkedList<T>::remove_front(void)' being compiled
          with
          [
              T=std::string
          ]
C:\Users\hlao1\github\cis22c-final-project-git\cis22c_f19_project\cis22c_f19_project\linked_list.h(201,1): warning C4267: 'argument': conversion from 'size_t' to 'int', possible loss of data
  HashUtil.cpp
C:\Users\hlao1\github\cis22c-final-project-git\cis22c_f19_project\cis22c_f19_project\HashUtil.cpp(6,27): warning C4267: 'initializing': conversion from 'size_t' to 'int', possible loss of data
C:\Users\hlao1\github\cis22c-final-project-git\cis22c_f19_project\cis22c_f19_project\HashUtil.cpp(15,22): warning C4267: '=': conversion from 'size_t' to 'int', possible loss of data
  Main.cpp
C:\Users\hlao1\github\cis22c-final-project-git\cis22c_f19_project\cis22c_f19_project\BNT_pair.h(75,1): warning C4290: C++ exception specification ignored except to indicate a function is not __declspec(nothrow)
C:\Users\hlao1\github\cis22c-final-project-git\cis22c_f19_project\cis22c_f19_project\BNT_pair.h(94): message : see reference to class template instantiation 'BinaryNodeTree<K,V>' being compiled
C:\Users\hlao1\github\cis22c-final-project-git\cis22c_f19_project\cis22c_f19_project\BNT_pair.h(76,1): warning C4290: C++ exception specification ignored except to indicate a function is not __declspec(nothrow)
C:\Users\hlao1\github\cis22c-final-project-git\cis22c_f19_project\cis22c_f19_project\BNT_pair.h(81,1): warning C4290: C++ exception specification ignored except to indicate a function is not __declspec(nothrow)
C:\Users\hlao1\github\cis22c-final-project-git\cis22c_f19_project\cis22c_f19_project\BNT_pair.h(96,1): warning C4290: C++ exception specification ignored except to indicate a function is not __declspec(nothrow)
C:\Users\hlao1\github\cis22c-final-project-git\cis22c_f19_project\cis22c_f19_project\BNT_pair.h(188,1): warning C4290: C++ exception specification ignored except to indicate a function is not __declspec(nothrow)
C:\Users\hlao1\github\cis22c-final-project-git\cis22c_f19_project\cis22c_f19_project\BNT_pair.h(196,1): warning C4290: C++ exception specification ignored except to indicate a function is not __declspec(nothrow)
C:\Users\hlao1\github\cis22c-final-project-git\cis22c_f19_project\cis22c_f19_project\BST_pair.h(60,1): warning C4290: C++ exception specification ignored except to indicate a function is not __declspec(nothrow)
C:\Users\hlao1\github\cis22c-final-project-git\cis22c_f19_project\cis22c_f19_project\BST_pair.h(107): message : see reference to class template instantiation 'BinarySearchTree<K,V>' being compiled
C:\Users\hlao1\github\cis22c-final-project-git\cis22c_f19_project\cis22c_f19_project\BST_pair.h(67,1): warning C4290: C++ exception specification ignored except to indicate a function is not __declspec(nothrow)
C:\Users\hlao1\github\cis22c-final-project-git\cis22c_f19_project\cis22c_f19_project\BST_pair.h(169,1): warning C4290: C++ exception specification ignored except to indicate a function is not __declspec(nothrow)
C:\Users\hlao1\github\cis22c-final-project-git\cis22c_f19_project\cis22c_f19_project\BST_pair.h(263,1): warning C4290: C++ exception specification ignored except to indicate a function is not __declspec(nothrow)
C:\Users\hlao1\github\cis22c-final-project-git\cis22c_f19_project\cis22c_f19_project\HashTable.h(152,36): warning C4244: 'argument': conversion from 'double' to 'size_t', possible loss of data
C:\Users\hlao1\github\cis22c-final-project-git\cis22c_f19_project\cis22c_f19_project\HashTable.h(143): message : while compiling class template member function 'HashTable<BinarySearchTree<std::string,Movie *> *>::HashTable(size_t)'
C:\Users\hlao1\github\cis22c-final-project-git\cis22c_f19_project\cis22c_f19_project\NotIMDB_Database.h(61): message : see reference to function template instantiation 'HashTable<BinarySearchTree<std::string,Movie *> *>::HashTable(size_t)' being compiled
C:\Users\hlao1\github\cis22c-final-project-git\cis22c_f19_project\cis22c_f19_project\NotIMDB_Database.h(61): message : see reference to class template instantiation 'HashTable<BinarySearchTree<std::string,Movie *> *>' being compiled
C:\Users\hlao1\github\cis22c-final-project-git\cis22c_f19_project\cis22c_f19_project\List.h(58,1): warning C4267: 'argument': conversion from 'size_t' to 'int', possible loss of data
C:\Users\hlao1\github\cis22c-final-project-git\cis22c_f19_project\cis22c_f19_project\List.h(58): message : while compiling class template member function 'bool List<std::string>::append(const T &)'
          with
          [
              T=std::string
          ]
C:\Users\hlao1\github\cis22c-final-project-git\cis22c_f19_project\cis22c_f19_project\HashTable.h(305): message : see reference to function template instantiation 'bool List<std::string>::append(const T &)' being compiled
          with
          [
              T=std::string
          ]
C:\Users\hlao1\github\cis22c-final-project-git\cis22c_f19_project\cis22c_f19_project\HashTable.h(379): message : see reference to class template instantiation 'List<std::string>' being compiled
C:\Users\hlao1\github\cis22c-final-project-git\cis22c_f19_project\cis22c_f19_project\linked_list.h(181,1): warning C4267: 'argument': conversion from 'size_t' to 'int', possible loss of data
C:\Users\hlao1\github\cis22c-final-project-git\cis22c_f19_project\cis22c_f19_project\linked_list.h(164): message : while compiling class template member function 'bool LinkedList<T>::insert(int,T)'
          with
          [
              T=std::string
          ]
C:\Users\hlao1\github\cis22c-final-project-git\cis22c_f19_project\cis22c_f19_project\List.h(43): message : see reference to function template instantiation 'bool LinkedList<T>::insert(int,T)' being compiled
          with
          [
              T=std::string
          ]
C:\Users\hlao1\github\cis22c-final-project-git\cis22c_f19_project\cis22c_f19_project\linked_list.h(121): message : while compiling class template member function 'LinkedList<T>::~LinkedList(void)'
          with
          [
              T=std::string
          ]
C:\Users\hlao1\github\cis22c-final-project-git\cis22c_f19_project\cis22c_f19_project\List.h(19): message : see reference to class template instantiation 'LinkedList<T>' being compiled
          with
          [
              T=std::string
          ]
C:\Users\hlao1\github\cis22c-final-project-git\cis22c_f19_project\cis22c_f19_project\List.h(19): message : while compiling class template member function 'List<std::string>::~List(void)'
C:\Users\hlao1\github\cis22c-final-project-git\cis22c_f19_project\cis22c_f19_project\linked_list.h(252,1): warning C4267: 'initializing': conversion from 'size_t' to 'int', possible loss of data
C:\Users\hlao1\github\cis22c-final-project-git\cis22c_f19_project\cis22c_f19_project\linked_list.h(251): message : while compiling class template member function 'void LinkedList<T>::clear(void)'
          with
          [
              T=std::string
          ]
C:\Users\hlao1\github\cis22c-final-project-git\cis22c_f19_project\cis22c_f19_project\linked_list.h(122): message : see reference to function template instantiation 'void LinkedList<T>::clear(void)' being compiled
          with
          [
              T=std::string
          ]
C:\Users\hlao1\github\cis22c-final-project-git\cis22c_f19_project\cis22c_f19_project\HashTable.h(193,36): warning C4244: 'argument': conversion from 'double' to 'size_t', possible loss of data
C:\Users\hlao1\github\cis22c-final-project-git\cis22c_f19_project\cis22c_f19_project\HashTable.h(177): message : while compiling class template member function 'void HashTable<Movie *>::__resize(void)'
C:\Users\hlao1\github\cis22c-final-project-git\cis22c_f19_project\cis22c_f19_project\HashTable.h(285): message : see reference to function template instantiation 'void HashTable<Movie *>::__resize(void)' being compiled
C:\Users\hlao1\github\cis22c-final-project-git\cis22c_f19_project\cis22c_f19_project\HashTable.h(159): message : while compiling class template member function 'HashTable<Movie *>::~HashTable(void)'
C:\Users\hlao1\github\cis22c-final-project-git\cis22c_f19_project\cis22c_f19_project\NotIMDB_Database.h(75): message : see reference to class template instantiation 'HashTable<Movie *>' being compiled
C:\Users\hlao1\github\cis22c-final-project-git\cis22c_f19_project\cis22c_f19_project\linked_list.h(140,1): warning C4267: 'argument': conversion from 'size_t' to 'int', possible loss of data
C:\Users\hlao1\github\cis22c-final-project-git\cis22c_f19_project\cis22c_f19_project\linked_list.h(134): message : while compiling class template member function 'void LinkedList<T>::insert_front(T)'
          with
          [
              T=std::string
          ]
C:\Users\hlao1\github\cis22c-final-project-git\cis22c_f19_project\cis22c_f19_project\linked_list.h(168): message : see reference to function template instantiation 'void LinkedList<T>::insert_front(T)' being compiled
          with
          [
              T=std::string
          ]
C:\Users\hlao1\github\cis22c-final-project-git\cis22c_f19_project\cis22c_f19_project\linked_list.h(106): message : while compiling class template member function 'LinkedList<T>::LinkedList(void)'
          with
          [
              T=std::string
          ]
C:\Users\hlao1\github\cis22c-final-project-git\cis22c_f19_project\cis22c_f19_project\List.h(18): message : see reference to function template instantiation 'LinkedList<T>::LinkedList(void)' being compiled
          with
          [
              T=std::string
          ]
C:\Users\hlao1\github\cis22c-final-project-git\cis22c_f19_project\cis22c_f19_project\linked_list.h(146,1): warning C4267: 'argument': conversion from 'size_t' to 'int', possible loss of data
C:\Users\hlao1\github\cis22c-final-project-git\cis22c_f19_project\cis22c_f19_project\linked_list.h(159,1): warning C4267: 'argument': conversion from 'size_t' to 'int', possible loss of data
C:\Users\hlao1\github\cis22c-final-project-git\cis22c_f19_project\cis22c_f19_project\linked_list.h(151): message : while compiling class template member function 'void LinkedList<T>::insert_back(T)'
          with
          [
              T=std::string
          ]
C:\Users\hlao1\github\cis22c-final-project-git\cis22c_f19_project\cis22c_f19_project\linked_list.h(173): message : see reference to function template instantiation 'void LinkedList<T>::insert_back(T)' being compiled
          with
          [
              T=std::string
          ]
C:\Users\hlao1\github\cis22c-final-project-git\cis22c_f19_project\cis22c_f19_project\linked_list.h(192,1): warning C4267: 'argument': conversion from 'size_t' to 'int', possible loss of data
C:\Users\hlao1\github\cis22c-final-project-git\cis22c_f19_project\cis22c_f19_project\linked_list.h(187): message : while compiling class template member function 'void LinkedList<T>::remove_front(void)'
          with
          [
              T=std::string
          ]
C:\Users\hlao1\github\cis22c-final-project-git\cis22c_f19_project\cis22c_f19_project\linked_list.h(254): message : see reference to function template instantiation 'void LinkedList<T>::remove_front(void)' being compiled
          with
          [
              T=std::string
          ]
C:\Users\hlao1\github\cis22c-final-project-git\cis22c_f19_project\cis22c_f19_project\linked_list.h(201,1): warning C4267: 'argument': conversion from 'size_t' to 'int', possible loss of data
  MathUtil.cpp
C:\Users\hlao1\github\cis22c-final-project-git\cis22c_f19_project\cis22c_f19_project\MathUtil.cpp(184,13): warning C4267: 'argument': conversion from 'size_t' to 'int', possible loss of data
C:\Users\hlao1\github\cis22c-final-project-git\cis22c_f19_project\cis22c_f19_project\linked_list.h(252,1): warning C4267: 'initializing': conversion from 'size_t' to 'int', possible loss of data
C:\Users\hlao1\github\cis22c-final-project-git\cis22c_f19_project\cis22c_f19_project\linked_list.h(251): message : while compiling class template member function 'void LinkedList<T>::clear(void)'
          with
          [
              T=std::string
          ]
C:\Users\hlao1\github\cis22c-final-project-git\cis22c_f19_project\cis22c_f19_project\List.h(54): message : see reference to function template instantiation 'void LinkedList<T>::clear(void)' being compiled
          with
          [
              T=std::string
          ]
C:\Users\hlao1\github\cis22c-final-project-git\cis22c_f19_project\cis22c_f19_project\List.h(64): message : see reference to class template instantiation 'LinkedList<T>' being compiled
          with
          [
              T=std::string
          ]
C:\Users\hlao1\github\cis22c-final-project-git\cis22c_f19_project\cis22c_f19_project\List.h(64): message : while compiling class template member function 'T List<T>::getEntry(int) const'
          with
          [
              T=std::string
          ]
C:\Users\hlao1\github\cis22c-final-project-git\cis22c_f19_project\cis22c_f19_project\MathUtil.cpp(83): message : see reference to function template instantiation 'T List<T>::getEntry(int) const' being compiled
          with
          [
              T=std::string
          ]
C:\Users\hlao1\github\cis22c-final-project-git\cis22c_f19_project\cis22c_f19_project\MathUtil.cpp(83): message : see reference to class template instantiation 'List<std::string>' being compiled
C:\Users\hlao1\github\cis22c-final-project-git\cis22c_f19_project\cis22c_f19_project\linked_list.h(192,1): warning C4267: 'argument': conversion from 'size_t' to 'int', possible loss of data
C:\Users\hlao1\github\cis22c-final-project-git\cis22c_f19_project\cis22c_f19_project\linked_list.h(187): message : while compiling class template member function 'void LinkedList<T>::remove_front(void)'
          with
          [
              T=std::string
          ]
C:\Users\hlao1\github\cis22c-final-project-git\cis22c_f19_project\cis22c_f19_project\linked_list.h(254): message : see reference to function template instantiation 'void LinkedList<T>::remove_front(void)' being compiled
          with
          [
              T=std::string
          ]
C:\Users\hlao1\github\cis22c-final-project-git\cis22c_f19_project\cis22c_f19_project\linked_list.h(121): message : while compiling class template member function 'LinkedList<T>::~LinkedList(void)'
          with
          [
              T=std::string
          ]
C:\Users\hlao1\github\cis22c-final-project-git\cis22c_f19_project\cis22c_f19_project\linked_list.h(201,1): warning C4267: 'argument': conversion from 'size_t' to 'int', possible loss of data
  menu.cpp
  Movie.cpp
  NotFoundException.cpp
  PrecondViolatedExcep.cpp
  StringUtil.cpp
C:\Users\hlao1\github\cis22c-final-project-git\cis22c_f19_project\cis22c_f19_project\StringUtil.cpp(100,25): warning C4267: '=': conversion from 'size_t' to 'unsigned int', possible loss of data
C:\Users\hlao1\github\cis22c-final-project-git\cis22c_f19_project\cis22c_f19_project\List.h(58,1): warning C4267: 'argument': conversion from 'size_t' to 'int', possible loss of data
C:\Users\hlao1\github\cis22c-final-project-git\cis22c_f19_project\cis22c_f19_project\List.h(58): message : while compiling class template member function 'bool List<std::string>::append(const T &)'
          with
          [
              T=std::string
          ]
C:\Users\hlao1\github\cis22c-final-project-git\cis22c_f19_project\cis22c_f19_project\StringUtil.cpp(34): message : see reference to function template instantiation 'bool List<std::string>::append(const T &)' being compiled
          with
          [
              T=std::string
          ]
C:\Users\hlao1\github\cis22c-final-project-git\cis22c_f19_project\cis22c_f19_project\StringUtil.cpp(27): message : see reference to class template instantiation 'List<std::string>' being compiled
C:\Users\hlao1\github\cis22c-final-project-git\cis22c_f19_project\cis22c_f19_project\linked_list.h(181,1): warning C4267: 'argument': conversion from 'size_t' to 'int', possible loss of data
C:\Users\hlao1\github\cis22c-final-project-git\cis22c_f19_project\cis22c_f19_project\linked_list.h(164): message : while compiling class template member function 'bool LinkedList<T>::insert(int,T)'
          with
          [
              T=std::string
          ]
C:\Users\hlao1\github\cis22c-final-project-git\cis22c_f19_project\cis22c_f19_project\List.h(43): message : see reference to function template instantiation 'bool LinkedList<T>::insert(int,T)' being compiled
          with
          [
              T=std::string
          ]
C:\Users\hlao1\github\cis22c-final-project-git\cis22c_f19_project\cis22c_f19_project\List.h(64): message : see reference to class template instantiation 'LinkedList<T>' being compiled
          with
          [
              T=std::string
          ]
C:\Users\hlao1\github\cis22c-final-project-git\cis22c_f19_project\cis22c_f19_project\List.h(64): message : while compiling class template member function 'T List<T>::getEntry(int) const'
          with
          [
              T=std::string
          ]
C:\Users\hlao1\github\cis22c-final-project-git\cis22c_f19_project\cis22c_f19_project\StringUtil.cpp(49): message : see reference to function template instantiation 'T List<T>::getEntry(int) const' being compiled
          with
          [
              T=std::string
          ]
C:\Users\hlao1\github\cis22c-final-project-git\cis22c_f19_project\cis22c_f19_project\linked_list.h(140,1): warning C4267: 'argument': conversion from 'size_t' to 'int', possible loss of data
C:\Users\hlao1\github\cis22c-final-project-git\cis22c_f19_project\cis22c_f19_project\linked_list.h(134): message : while compiling class template member function 'void LinkedList<T>::insert_front(T)'
          with
          [
              T=std::string
          ]
C:\Users\hlao1\github\cis22c-final-project-git\cis22c_f19_project\cis22c_f19_project\linked_list.h(168): message : see reference to function template instantiation 'void LinkedList<T>::insert_front(T)' being compiled
          with
          [
              T=std::string
          ]
C:\Users\hlao1\github\cis22c-final-project-git\cis22c_f19_project\cis22c_f19_project\List.h(115): message : while compiling class template member function 'T List<T>::operator [](const int &) const'
          with
          [
              T=std::string
          ]
C:\Users\hlao1\github\cis22c-final-project-git\cis22c_f19_project\cis22c_f19_project\StringUtil.cpp(102): message : see reference to function template instantiation 'T List<T>::operator [](const int &) const' being compiled
          with
          [
              T=std::string
          ]
C:\Users\hlao1\github\cis22c-final-project-git\cis22c_f19_project\cis22c_f19_project\linked_list.h(146,1): warning C4267: 'argument': conversion from 'size_t' to 'int', possible loss of data
C:\Users\hlao1\github\cis22c-final-project-git\cis22c_f19_project\cis22c_f19_project\linked_list.h(159,1): warning C4267: 'argument': conversion from 'size_t' to 'int', possible loss of data
C:\Users\hlao1\github\cis22c-final-project-git\cis22c_f19_project\cis22c_f19_project\linked_list.h(151): message : while compiling class template member function 'void LinkedList<T>::insert_back(T)'
          with
          [
              T=std::string
          ]
C:\Users\hlao1\github\cis22c-final-project-git\cis22c_f19_project\cis22c_f19_project\linked_list.h(173): message : see reference to function template instantiation 'void LinkedList<T>::insert_back(T)' being compiled
          with
          [
              T=std::string
          ]
C:\Users\hlao1\github\cis22c-final-project-git\cis22c_f19_project\cis22c_f19_project\linked_list.h(252,1): warning C4267: 'initializing': conversion from 'size_t' to 'int', possible loss of data
C:\Users\hlao1\github\cis22c-final-project-git\cis22c_f19_project\cis22c_f19_project\linked_list.h(251): message : while compiling class template member function 'void LinkedList<T>::clear(void)'
          with
          [
              T=std::string
          ]
C:\Users\hlao1\github\cis22c-final-project-git\cis22c_f19_project\cis22c_f19_project\linked_list.h(122): message : see reference to function template instantiation 'void LinkedList<T>::clear(void)' being compiled
          with
          [
              T=std::string
          ]
C:\Users\hlao1\github\cis22c-final-project-git\cis22c_f19_project\cis22c_f19_project\linked_list.h(192,1): warning C4267: 'argument': conversion from 'size_t' to 'int', possible loss of data
C:\Users\hlao1\github\cis22c-final-project-git\cis22c_f19_project\cis22c_f19_project\linked_list.h(187): message : while compiling class template member function 'void LinkedList<T>::remove_front(void)'
          with
          [
              T=std::string
          ]
C:\Users\hlao1\github\cis22c-final-project-git\cis22c_f19_project\cis22c_f19_project\linked_list.h(254): message : see reference to function template instantiation 'void LinkedList<T>::remove_front(void)' being compiled
          with
          [
              T=std::string
          ]
C:\Users\hlao1\github\cis22c-final-project-git\cis22c_f19_project\cis22c_f19_project\linked_list.h(286): message : while compiling class template member function 'LinkNode<T> *LinkedList<T>::navigate(int) const'
          with
          [
              T=std::string
          ]
C:\Users\hlao1\github\cis22c-final-project-git\cis22c_f19_project\cis22c_f19_project\linked_list.h(178): message : see reference to function template instantiation 'LinkNode<T> *LinkedList<T>::navigate(int) const' being compiled
          with
          [
              T=std::string
          ]
C:\Users\hlao1\github\cis22c-final-project-git\cis22c_f19_project\cis22c_f19_project\linked_list.h(201,1): warning C4267: 'argument': conversion from 'size_t' to 'int', possible loss of data
  NotIMDB_Database.cpp
C:\Users\hlao1\github\cis22c-final-project-git\cis22c_f19_project\cis22c_f19_project\BNT_pair.h(75,1): warning C4290: C++ exception specification ignored except to indicate a function is not __declspec(nothrow)
C:\Users\hlao1\github\cis22c-final-project-git\cis22c_f19_project\cis22c_f19_project\BNT_pair.h(94): message : see reference to class template instantiation 'BinaryNodeTree<K,V>' being compiled
C:\Users\hlao1\github\cis22c-final-project-git\cis22c_f19_project\cis22c_f19_project\BNT_pair.h(76,1): warning C4290: C++ exception specification ignored except to indicate a function is not __declspec(nothrow)
C:\Users\hlao1\github\cis22c-final-project-git\cis22c_f19_project\cis22c_f19_project\BNT_pair.h(81,1): warning C4290: C++ exception specification ignored except to indicate a function is not __declspec(nothrow)
C:\Users\hlao1\github\cis22c-final-project-git\cis22c_f19_project\cis22c_f19_project\BNT_pair.h(96,1): warning C4290: C++ exception specification ignored except to indicate a function is not __declspec(nothrow)
C:\Users\hlao1\github\cis22c-final-project-git\cis22c_f19_project\cis22c_f19_project\BNT_pair.h(188,1): warning C4290: C++ exception specification ignored except to indicate a function is not __declspec(nothrow)
C:\Users\hlao1\github\cis22c-final-project-git\cis22c_f19_project\cis22c_f19_project\BNT_pair.h(196,1): warning C4290: C++ exception specification ignored except to indicate a function is not __declspec(nothrow)
C:\Users\hlao1\github\cis22c-final-project-git\cis22c_f19_project\cis22c_f19_project\BST_pair.h(60,1): warning C4290: C++ exception specification ignored except to indicate a function is not __declspec(nothrow)
C:\Users\hlao1\github\cis22c-final-project-git\cis22c_f19_project\cis22c_f19_project\BST_pair.h(107): message : see reference to class template instantiation 'BinarySearchTree<K,V>' being compiled
C:\Users\hlao1\github\cis22c-final-project-git\cis22c_f19_project\cis22c_f19_project\BST_pair.h(67,1): warning C4290: C++ exception specification ignored except to indicate a function is not __declspec(nothrow)
C:\Users\hlao1\github\cis22c-final-project-git\cis22c_f19_project\cis22c_f19_project\BST_pair.h(169,1): warning C4290: C++ exception specification ignored except to indicate a function is not __declspec(nothrow)
C:\Users\hlao1\github\cis22c-final-project-git\cis22c_f19_project\cis22c_f19_project\BST_pair.h(263,1): warning C4290: C++ exception specification ignored except to indicate a function is not __declspec(nothrow)
C:\Users\hlao1\github\cis22c-final-project-git\cis22c_f19_project\cis22c_f19_project\NotIMDB_Database.cpp(10,42): warning C4244: 'argument': conversion from 'double' to 'size_t', possible loss of data
C:\Users\hlao1\github\cis22c-final-project-git\cis22c_f19_project\cis22c_f19_project\NotIMDB_Database.cpp(14,32): warning C4267: 'argument': conversion from 'size_t' to 'int', possible loss of data
C:\Users\hlao1\github\cis22c-final-project-git\cis22c_f19_project\cis22c_f19_project\NotIMDB_Database.cpp(40,32): warning C4267: 'argument': conversion from 'size_t' to 'int', possible loss of data
C:\Users\hlao1\github\cis22c-final-project-git\cis22c_f19_project\cis22c_f19_project\NotIMDB_Database.cpp(56,34): warning C4267: 'argument': conversion from 'size_t' to 'int', possible loss of data
C:\Users\hlao1\github\cis22c-final-project-git\cis22c_f19_project\cis22c_f19_project\NotIMDB_Database.cpp(73,68): warning C4267: 'argument': conversion from 'size_t' to 'int', possible loss of data
C:\Users\hlao1\github\cis22c-final-project-git\cis22c_f19_project\cis22c_f19_project\NotIMDB_Database.cpp(68,34): warning C4101: 'e': unreferenced local variable
C:\Users\hlao1\github\cis22c-final-project-git\cis22c_f19_project\cis22c_f19_project\NotIMDB_Database.cpp(79,36): warning C4101: 'e': unreferenced local variable
C:\Users\hlao1\github\cis22c-final-project-git\cis22c_f19_project\cis22c_f19_project\NotIMDB_Database.cpp(155,33): warning C4267: 'argument': conversion from 'size_t' to 'int', possible loss of data
C:\Users\hlao1\github\cis22c-final-project-git\cis22c_f19_project\cis22c_f19_project\NotIMDB_Database.cpp(166,34): warning C4267: 'argument': conversion from 'size_t' to 'int', possible loss of data
C:\Users\hlao1\github\cis22c-final-project-git\cis22c_f19_project\cis22c_f19_project\NotIMDB_Database.cpp(178,63): warning C4267: 'argument': conversion from 'size_t' to 'int', possible loss of data
C:\Users\hlao1\github\cis22c-final-project-git\cis22c_f19_project\cis22c_f19_project\NotIMDB_Database.cpp(179,68): warning C4267: 'argument': conversion from 'size_t' to 'int', possible loss of data
C:\Users\hlao1\github\cis22c-final-project-git\cis22c_f19_project\cis22c_f19_project\NotIMDB_Database.cpp(194,33): warning C4267: 'argument': conversion from 'size_t' to 'int', possible loss of data
C:\Users\hlao1\github\cis22c-final-project-git\cis22c_f19_project\cis22c_f19_project\NotIMDB_Database.cpp(211,67): warning C4267: 'argument': conversion from 'size_t' to 'int', possible loss of data
C:\Users\hlao1\github\cis22c-final-project-git\cis22c_f19_project\cis22c_f19_project\NotIMDB_Database.cpp(174,34): warning C4101: 'e': unreferenced local variable
C:\Users\hlao1\github\cis22c-final-project-git\cis22c_f19_project\cis22c_f19_project\NotIMDB_Database.cpp(206,33): warning C4101: 'e': unreferenced local variable
C:\Users\hlao1\github\cis22c-final-project-git\cis22c_f19_project\cis22c_f19_project\NotIMDB_Database.cpp(217,35): warning C4101: 'e': unreferenced local variable
C:\Users\hlao1\github\cis22c-final-project-git\cis22c_f19_project\cis22c_f19_project\NotIMDB_Database.cpp(242,34): warning C4267: 'initializing': conversion from 'size_t' to 'int', possible loss of data
C:\Users\hlao1\github\cis22c-final-project-git\cis22c_f19_project\cis22c_f19_project\NotIMDB_Database.cpp(261,46): warning C4267: 'initializing': conversion from 'size_t' to 'int', possible loss of data
C:\Users\hlao1\github\cis22c-final-project-git\cis22c_f19_project\cis22c_f19_project\NotIMDB_Database.cpp(306,55): warning C4244: '+=': conversion from 'double' to 'T', possible loss of data
          with
          [
              T=int
          ]
C:\Users\hlao1\github\cis22c-final-project-git\cis22c_f19_project\cis22c_f19_project\NotIMDB_Database.cpp(314,40): warning C4267: 'argument': conversion from 'size_t' to 'int', possible loss of data
C:\Users\hlao1\github\cis22c-final-project-git\cis22c_f19_project\cis22c_f19_project\NotIMDB_Database.cpp(325,54): warning C4267: 'argument': conversion from 'size_t' to 'int', possible loss of data
C:\Users\hlao1\github\cis22c-final-project-git\cis22c_f19_project\cis22c_f19_project\NotIMDB_Database.cpp(274,35): warning C4101: 'e': unreferenced local variable
C:\Users\hlao1\github\cis22c-final-project-git\cis22c_f19_project\cis22c_f19_project\NotIMDB_Database.cpp(375,33): warning C4267: 'argument': conversion from 'size_t' to 'int', possible loss of data
C:\Users\hlao1\github\cis22c-final-project-git\cis22c_f19_project\cis22c_f19_project\NotIMDB_Database.cpp(403,45): warning C4267: 'argument': conversion from 'size_t' to 'int', possible loss of data
C:\Users\hlao1\github\cis22c-final-project-git\cis22c_f19_project\cis22c_f19_project\NotIMDB_Database.cpp(408,45): warning C4267: 'argument': conversion from 'size_t' to 'int', possible loss of data
C:\Users\hlao1\github\cis22c-final-project-git\cis22c_f19_project\cis22c_f19_project\NotIMDB_Database.cpp(423,32): warning C4101: 'e': unreferenced local variable
C:\Users\hlao1\github\cis22c-final-project-git\cis22c_f19_project\cis22c_f19_project\NotIMDB_Database.cpp(462,61): warning C4267: 'argument': conversion from 'size_t' to 'int', possible loss of data
C:\Users\hlao1\github\cis22c-final-project-git\cis22c_f19_project\cis22c_f19_project\NotIMDB_Database.cpp(485,31): warning C4267: 'argument': conversion from 'size_t' to 'int', possible loss of data
C:\Users\hlao1\github\cis22c-final-project-git\cis22c_f19_project\cis22c_f19_project\NotIMDB_Database.cpp(492,67): warning C4267: 'argument': conversion from 'size_t' to 'int', possible loss of data
C:\Users\hlao1\github\cis22c-final-project-git\cis22c_f19_project\cis22c_f19_project\NotIMDB_Database.cpp(496,39): warning C4267: 'argument': conversion from 'size_t' to 'int', possible loss of data
C:\Users\hlao1\github\cis22c-final-project-git\cis22c_f19_project\cis22c_f19_project\NotIMDB_Database.cpp(527,28): warning C4267: 'argument': conversion from 'size_t' to 'int', possible loss of data
C:\Users\hlao1\github\cis22c-final-project-git\cis22c_f19_project\cis22c_f19_project\NotIMDB_Database.cpp(541,24): warning C4267: 'argument': conversion from 'size_t' to 'int', possible loss of data
C:\Users\hlao1\github\cis22c-final-project-git\cis22c_f19_project\cis22c_f19_project\NotIMDB_Database.cpp(570,25): warning C4267: 'argument': conversion from 'size_t' to 'int', possible loss of data
C:\Users\hlao1\github\cis22c-final-project-git\cis22c_f19_project\cis22c_f19_project\NotIMDB_Database.cpp(649,51): warning C4267: 'argument': conversion from 'size_t' to 'int', possible loss of data
C:\Users\hlao1\github\cis22c-final-project-git\cis22c_f19_project\cis22c_f19_project\NotIMDB_Database.cpp(679,32): warning C4101: 'e': unreferenced local variable
C:\Users\hlao1\github\cis22c-final-project-git\cis22c_f19_project\cis22c_f19_project\List.h(58,1): warning C4267: 'argument': conversion from 'size_t' to 'int', possible loss of data
C:\Users\hlao1\github\cis22c-final-project-git\cis22c_f19_project\cis22c_f19_project\List.h(58): message : while compiling class template member function 'bool List<Movie>::append(const T &)'
          with
          [
              T=Movie
          ]
C:\Users\hlao1\github\cis22c-final-project-git\cis22c_f19_project\cis22c_f19_project\NotIMDB_Database.cpp(462): message : see reference to function template instantiation 'bool List<Movie>::append(const T &)' being compiled
          with
          [
              T=Movie
          ]
C:\Users\hlao1\github\cis22c-final-project-git\cis22c_f19_project\cis22c_f19_project\NotIMDB_Database.cpp(447): message : see reference to class template instantiation 'List<Movie>' being compiled
C:\Users\hlao1\github\cis22c-final-project-git\cis22c_f19_project\cis22c_f19_project\List.h(102,1): warning C4267: 'initializing': conversion from 'size_t' to 'int', possible loss of data
C:\Users\hlao1\github\cis22c-final-project-git\cis22c_f19_project\cis22c_f19_project\List.h(101): message : while compiling class template member function 'bool List<Movie *>::removeByValue(const T &)'
          with
          [
              T=Movie *
          ]
C:\Users\hlao1\github\cis22c-final-project-git\cis22c_f19_project\cis22c_f19_project\NotIMDB_Database.cpp(381): message : see reference to function template instantiation 'bool List<Movie *>::removeByValue(const T &)' being compiled
          with
          [
              T=Movie *
          ]
C:\Users\hlao1\github\cis22c-final-project-git\cis22c_f19_project\cis22c_f19_project\HashTable.h(152,36): warning C4244: 'argument': conversion from 'double' to 'size_t', possible loss of data
C:\Users\hlao1\github\cis22c-final-project-git\cis22c_f19_project\cis22c_f19_project\HashTable.h(143): message : while compiling class template member function 'HashTable<Movie *>::HashTable(size_t)'
C:\Users\hlao1\github\cis22c-final-project-git\cis22c_f19_project\cis22c_f19_project\NotIMDB_Database.cpp(10): message : see reference to function template instantiation 'HashTable<Movie *>::HashTable(size_t)' being compiled
C:\Users\hlao1\github\cis22c-final-project-git\cis22c_f19_project\cis22c_f19_project\NotIMDB_Database.h(75): message : see reference to class template instantiation 'HashTable<Movie *>' being compiled
C:\Users\hlao1\github\cis22c-final-project-git\cis22c_f19_project\cis22c_f19_project\linked_list.h(112,1): warning C4267: 'initializing': conversion from 'size_t' to 'int', possible loss of data
C:\Users\hlao1\github\cis22c-final-project-git\cis22c_f19_project\cis22c_f19_project\linked_list.h(111): message : while compiling class template member function 'LinkedList<T>::LinkedList(const LinkedList<T> &)'
          with
          [
              T=Movie *
          ]
C:\Users\hlao1\github\cis22c-final-project-git\cis22c_f19_project\cis22c_f19_project\List.h(17): message : see reference to function template instantiation 'LinkedList<T>::LinkedList(const LinkedList<T> &)' being compiled
          with
          [
              T=Movie *
          ]
C:\Users\hlao1\github\cis22c-final-project-git\cis22c_f19_project\cis22c_f19_project\List.h(64): message : see reference to class template instantiation 'LinkedList<T>' being compiled
          with
          [
              T=Movie *
          ]
C:\Users\hlao1\github\cis22c-final-project-git\cis22c_f19_project\cis22c_f19_project\List.h(64): message : while compiling class template member function 'T List<T>::getEntry(int) const'
          with
          [
              T=Movie *
          ]
C:\Users\hlao1\github\cis22c-final-project-git\cis22c_f19_project\cis22c_f19_project\NotIMDB_Database.cpp(14): message : see reference to function template instantiation 'T List<T>::getEntry(int) const' being compiled
          with
          [
              T=Movie *
          ]
C:\Users\hlao1\github\cis22c-final-project-git\cis22c_f19_project\cis22c_f19_project\linked_list.h(181,1): warning C4267: 'argument': conversion from 'size_t' to 'int', possible loss of data
C:\Users\hlao1\github\cis22c-final-project-git\cis22c_f19_project\cis22c_f19_project\linked_list.h(164): message : while compiling class template member function 'bool LinkedList<T>::insert(int,T)'
          with
          [
              T=Movie *
          ]
C:\Users\hlao1\github\cis22c-final-project-git\cis22c_f19_project\cis22c_f19_project\List.h(43): message : see reference to function template instantiation 'bool LinkedList<T>::insert(int,T)' being compiled
          with
          [
              T=Movie *
          ]
C:\Users\hlao1\github\cis22c-final-project-git\cis22c_f19_project\cis22c_f19_project\HashTable.h(136,36): warning C4244: 'argument': conversion from 'double' to 'size_t', possible loss of data
C:\Users\hlao1\github\cis22c-final-project-git\cis22c_f19_project\cis22c_f19_project\HashTable.h(128): message : while compiling class template member function 'HashTable<int>::HashTable(void)'
C:\Users\hlao1\github\cis22c-final-project-git\cis22c_f19_project\cis22c_f19_project\NotIMDB_Database.cpp(234): message : see reference to function template instantiation 'HashTable<int>::HashTable(void)' being compiled
C:\Users\hlao1\github\cis22c-final-project-git\cis22c_f19_project\cis22c_f19_project\NotIMDB_Database.cpp(234): message : see reference to class template instantiation 'HashTable<int>' being compiled
C:\Users\hlao1\github\cis22c-final-project-git\cis22c_f19_project\cis22c_f19_project\linked_list.h(244,1): warning C4267: 'argument': conversion from 'size_t' to 'int', possible loss of data
C:\Users\hlao1\github\cis22c-final-project-git\cis22c_f19_project\cis22c_f19_project\linked_list.h(226): message : while compiling class template member function 'bool LinkedList<T>::remove(int)'
          with
          [
              T=std::string
          ]
C:\Users\hlao1\github\cis22c-final-project-git\cis22c_f19_project\cis22c_f19_project\List.h(51): message : see reference to function template instantiation 'bool LinkedList<T>::remove(int)' being compiled
          with
          [
              T=std::string
          ]
C:\Users\hlao1\github\cis22c-final-project-git\cis22c_f19_project\cis22c_f19_project\linked_list.h(252,1): warning C4267: 'initializing': conversion from 'size_t' to 'int', possible loss of data
C:\Users\hlao1\github\cis22c-final-project-git\cis22c_f19_project\cis22c_f19_project\linked_list.h(251): message : while compiling class template member function 'void LinkedList<T>::clear(void)'
          with
          [
              T=std::string
          ]
C:\Users\hlao1\github\cis22c-final-project-git\cis22c_f19_project\cis22c_f19_project\linked_list.h(122): message : see reference to function template instantiation 'void LinkedList<T>::clear(void)' being compiled
          with
          [
              T=std::string
          ]
C:\Users\hlao1\github\cis22c-final-project-git\cis22c_f19_project\cis22c_f19_project\HashTable.h(193,36): warning C4244: 'argument': conversion from 'double' to 'size_t', possible loss of data
C:\Users\hlao1\github\cis22c-final-project-git\cis22c_f19_project\cis22c_f19_project\HashTable.h(177): message : while compiling class template member function 'void HashTable<Movie *>::__resize(void)'
C:\Users\hlao1\github\cis22c-final-project-git\cis22c_f19_project\cis22c_f19_project\HashTable.h(285): message : see reference to function template instantiation 'void HashTable<Movie *>::__resize(void)' being compiled
C:\Users\hlao1\github\cis22c-final-project-git\cis22c_f19_project\cis22c_f19_project\HashTable.h(143): message : while compiling class template member function 'HashTable<Movie *>::HashTable(size_t)'
C:\Users\hlao1\github\cis22c-final-project-git\cis22c_f19_project\cis22c_f19_project\NotIMDB_Database.cpp(10): message : see reference to function template instantiation 'HashTable<Movie *>::HashTable(size_t)' being compiled
C:\Users\hlao1\github\cis22c-final-project-git\cis22c_f19_project\cis22c_f19_project\HashTable.h(239,1): warning C4267: 'return': conversion from 'size_t' to 'int', possible loss of data
C:\Users\hlao1\github\cis22c-final-project-git\cis22c_f19_project\cis22c_f19_project\HashTable.h(219): message : while compiling class template member function 'int HashTable<Movie *>::__find(std::string) const'
C:\Users\hlao1\github\cis22c-final-project-git\cis22c_f19_project\cis22c_f19_project\HashTable.h(360): message : see reference to function template instantiation 'int HashTable<Movie *>::__find(std::string) const' being compiled
C:\Users\hlao1\github\cis22c-final-project-git\cis22c_f19_project\cis22c_f19_project\linked_list.h(140,1): warning C4267: 'argument': conversion from 'size_t' to 'int', possible loss of data
C:\Users\hlao1\github\cis22c-final-project-git\cis22c_f19_project\cis22c_f19_project\linked_list.h(134): message : while compiling class template member function 'void LinkedList<T>::insert_front(T)'
          with
          [
              T=Movie *
          ]
C:\Users\hlao1\github\cis22c-final-project-git\cis22c_f19_project\cis22c_f19_project\linked_list.h(168): message : see reference to function template instantiation 'void LinkedList<T>::insert_front(T)' being compiled
          with
          [
              T=Movie *
          ]
C:\Users\hlao1\github\cis22c-final-project-git\cis22c_f19_project\cis22c_f19_project\List.h(101): message : while compiling class template member function 'bool List<Movie *>::removeByValue(const T &)'
          with
          [
              T=Movie *
          ]
C:\Users\hlao1\github\cis22c-final-project-git\cis22c_f19_project\cis22c_f19_project\NotIMDB_Database.cpp(381): message : see reference to function template instantiation 'bool List<Movie *>::removeByValue(const T &)' being compiled
          with
          [
              T=Movie *
          ]
C:\Users\hlao1\github\cis22c-final-project-git\cis22c_f19_project\cis22c_f19_project\linked_list.h(146,1): warning C4267: 'argument': conversion from 'size_t' to 'int', possible loss of data
C:\Users\hlao1\github\cis22c-final-project-git\cis22c_f19_project\cis22c_f19_project\linked_list.h(159,1): warning C4267: 'argument': conversion from 'size_t' to 'int', possible loss of data
C:\Users\hlao1\github\cis22c-final-project-git\cis22c_f19_project\cis22c_f19_project\linked_list.h(151): message : while compiling class template member function 'void LinkedList<T>::insert_back(T)'
          with
          [
              T=Movie *
          ]
C:\Users\hlao1\github\cis22c-final-project-git\cis22c_f19_project\cis22c_f19_project\linked_list.h(116): message : see reference to function template instantiation 'void LinkedList<T>::insert_back(T)' being compiled
          with
          [
              T=Movie *
          ]
C:\Users\hlao1\github\cis22c-final-project-git\cis22c_f19_project\cis22c_f19_project\linked_list.h(327,1): warning C4267: 'argument': conversion from 'size_t' to 'int', possible loss of data
C:\Users\hlao1\github\cis22c-final-project-git\cis22c_f19_project\cis22c_f19_project\linked_list.h(302): message : while compiling class template member function 'bool LinkedList<T>::sorted_insert(const T &)'
          with
          [
              T=Movie *
          ]
C:\Users\hlao1\github\cis22c-final-project-git\cis22c_f19_project\cis22c_f19_project\List.h(33): message : see reference to function template instantiation 'bool LinkedList<T>::sorted_insert(const T &)' being compiled
          with
          [
              T=Movie *
          ]
C:\Users\hlao1\github\cis22c-final-project-git\cis22c_f19_project\cis22c_f19_project\linked_list.h(336,1): warning C4267: 'argument': conversion from 'size_t' to 'int', possible loss of data
C:\Users\hlao1\github\cis22c-final-project-git\cis22c_f19_project\cis22c_f19_project\linked_list.h(352,1): warning C4267: 'argument': conversion from 'size_t' to 'int', possible loss of data
C:\Users\hlao1\github\cis22c-final-project-git\cis22c_f19_project\cis22c_f19_project\linked_list.h(192,1): warning C4267: 'argument': conversion from 'size_t' to 'int', possible loss of data
C:\Users\hlao1\github\cis22c-final-project-git\cis22c_f19_project\cis22c_f19_project\linked_list.h(187): message : while compiling class template member function 'void LinkedList<T>::remove_front(void)'
          with
          [
              T=std::string
          ]
C:\Users\hlao1\github\cis22c-final-project-git\cis22c_f19_project\cis22c_f19_project\linked_list.h(232): message : see reference to function template instantiation 'void LinkedList<T>::remove_front(void)' being compiled
          with
          [
              T=std::string
          ]
C:\Users\hlao1\github\cis22c-final-project-git\cis22c_f19_project\cis22c_f19_project\linked_list.h(201,1): warning C4267: 'argument': conversion from 'size_t' to 'int', possible loss of data
C:\Users\hlao1\github\cis22c-final-project-git\cis22c_f19_project\cis22c_f19_project\linked_list.h(212,1): warning C4267: 'argument': conversion from 'size_t' to 'int', possible loss of data
C:\Users\hlao1\github\cis22c-final-project-git\cis22c_f19_project\cis22c_f19_project\linked_list.h(207): message : while compiling class template member function 'void LinkedList<T>::remove_back(void)'
          with
          [
              T=std::string
          ]
C:\Users\hlao1\github\cis22c-final-project-git\cis22c_f19_project\cis22c_f19_project\linked_list.h(237): message : see reference to function template instantiation 'void LinkedList<T>::remove_back(void)' being compiled
          with
          [
              T=std::string
          ]
C:\Users\hlao1\github\cis22c-final-project-git\cis22c_f19_project\cis22c_f19_project\linked_list.h(219,1): warning C4267: 'argument': conversion from 'size_t' to 'int', possible loss of data
C:\Users\hlao1\github\cis22c-final-project-git\cis22c_f19_project\cis22c_f19_project\linked_list.h(220,1): warning C4267: 'argument': conversion from 'size_t' to 'int', possible loss of data
  Generating Code...
C:\Users\hlao1\github\cis22c-final-project-git\cis22c_f19_project\cis22c_f19_project\NotIMDB_Database.cpp(361): warning C4715: 'NotIMDB_Database::processSearchEntry': not all control paths return a value
C:\Users\hlao1\github\cis22c-final-project-git\cis22c_f19_project\cis22c_f19_project\linked_list.h(358): warning C4715: 'LinkedList<Movie *>::sorted_insert': not all control paths return a value
C:\Users\hlao1\github\cis22c-final-project-git\cis22c_f19_project\cis22c_f19_project\GUI.cpp(957): warning C4715: 'GUI::UI_pick_from_potential_matches_to_edit': not all control paths return a value
C:\Users\hlao1\github\cis22c-final-project-git\cis22c_f19_project\cis22c_f19_project\FileIO.cpp(13): warning C4172: returning address of local variable or temporary: pList
C:\Users\hlao1\github\cis22c-final-project-git\cis22c_f19_project\cis22c_f19_project\FileIO.cpp(53): warning C4172: returning address of local variable or temporary: movies
  cis22c_f19_project.vcxproj -> C:\Users\hlao1\github\cis22c-final-project-git\cis22c_f19_project\x64\Debug\cis22c_f19_project.exe
